Arguments: 
  /usr/local/bin/node /usr/local/bin/yarn dev

PATH: 
  /usr/local/bin:/usr/bin:/bin:/usr/sbin:/sbin

Yarn version: 
  1.19.1

Node version: 
  10.16.3

Platform: 
  darwin x64

Trace: 
  SyntaxError: /Users/tswizz/gt-coding-bootcamp/homework/google-books/package.json: Unexpected end of JSON input
      at JSON.parse (<anonymous>)
      at /usr/local/lib/node_modules/yarn/lib/cli.js:1625:59
      at Generator.next (<anonymous>)
      at step (/usr/local/lib/node_modules/yarn/lib/cli.js:304:30)
      at /usr/local/lib/node_modules/yarn/lib/cli.js:315:13

npm manifest: 
  {
      "name": "google-books",
      "version": "1.0.0",
      "scripts": {
        "client": "cd client && yarn start",
        "server": "nodemon server.js",
        "dev": "concurrently --kill-others-on-fail \"yarn server\" \"yarn client\""
      },
      "dependencies": {
        "body-parser": "^1.18.3",
        "express": "^4.16.4"
      },
      "devDependencies": {
        "concurrently": "^4.0.1"

yarn manifest: 
  No manifest

Lockfile: 
  No lockfile
